<?xml version="1.0" encoding="UTF-8"?>
<!-- Generated by org.testng.reporters.JUnitReportReporter -->
<testsuite hostname="LAPTOP-I7Q4MBL6" failures="0" tests="1" name="com.BaseTest.BaseTest" time="2.690" errors="0" timestamp="2023-12-23T12:37:50 IST" skipped="0">
  <testcase classname="com.BaseTest.BaseTest" name="setUp" time="2.690"/>
  <system-out/>
</testsuite> <!-- com.BaseTest.BaseTest -->
