<?xml version="1.0" encoding="UTF-8"?>
<!-- Generated by org.testng.reporters.JUnitReportReporter -->
<testsuite hostname="LAPTOP-I7Q4MBL6" failures="0" tests="3" name="com.OrangeHRMApplicationTestCases.OrangeHRMLogInPageTest" time="1.061" errors="0" timestamp="2023-12-29T22:43:23 IST" skipped="0">
  <testcase classname="com.OrangeHRMApplicationTestCases.OrangeHRMLogInPageTest" name="orangeHRMApplicationLogInPage_LogInPanelTextValidationTest" time="0.120"/>
  <system-out/>
  <testcase classname="com.OrangeHRMApplicationTestCases.OrangeHRMLogInPageTest" name="orangeHRMApplicationLogInPage_LogoValidationTest" time="0.080"/>
  <system-out/>
  <testcase classname="com.OrangeHRMApplicationTestCases.OrangeHRMLogInPageTest" name="orangeHRMApplication_logInTest" time="0.861"/>
  <system-out/>
</testsuite> <!-- com.OrangeHRMApplicationTestCases.OrangeHRMLogInPageTest -->
