<?xml version="1.0" encoding="UTF-8"?>
<!-- Generated by org.testng.reporters.JUnitReportReporter -->
<testsuite hostname="LAPTOP-I7Q4MBL6" failures="0" tests="1" name="com.WebTableWithTestNG.DymanicWebTableHandling" time="16.508" errors="0" timestamp="2023-12-15T22:45:15 IST" skipped="0">
  <testcase classname="com.WebTableWithTestNG.DymanicWebTableHandling" name="capturingDynamicWebTableData" time="16.508"/>
</testsuite> <!-- com.WebTableWithTestNG.DymanicWebTableHandling -->
