<?xml version="1.0" encoding="UTF-8"?>
<!-- Generated by org.testng.reporters.JUnitReportReporter -->
<testsuite hostname="LAPTOP-I7Q4MBL6" failures="0" tests="6" name="com.OrangeHRMApplicationTestCases.AddEmployeeTest" time="34.284" errors="0" timestamp="2023-12-29T16:35:06 IST" skipped="0">
  <testcase classname="com.OrangeHRMApplicationTestCases.AddEmployeeTest" name="logInTest" time="6.978"/>
  <system-out/>
  <testcase classname="com.OrangeHRMApplicationTestCases.AddEmployeeTest" name="pimTest" time="0.164"/>
  <system-out/>
  <testcase classname="com.OrangeHRMApplicationTestCases.AddEmployeeTest" name="newAddEmployeeTest" time="24.452"/>
  <system-out/>
  <testcase classname="com.OrangeHRMApplicationTestCases.AddEmployeeTest" name="addEmployeeTest" time="1.501"/>
  <system-out/>
  <testcase classname="com.OrangeHRMApplicationTestCases.AddEmployeeTest" name="welComeAdminTest" time="0.085"/>
  <system-out/>
  <testcase classname="com.OrangeHRMApplicationTestCases.AddEmployeeTest" name="logOutTest" time="1.104"/>
  <system-out/>
</testsuite> <!-- com.OrangeHRMApplicationTestCases.AddEmployeeTest -->
