<?xml version="1.0" encoding="UTF-8"?>
<!-- Generated by org.testng.reporters.JUnitReportReporter -->
<testsuite hostname="DESKTOP-TQ559PJ" failures="0" tests="1" name="com.orangehrm.tests.LoginTest" time="3.877" errors="0" timestamp="2023-11-28T10:25:23 IST" skipped="0">
  <testcase classname="com.orangehrm.tests.LoginTest" name="verifyCopyRightText" time="3.877"/>
  <system-out/>
</testsuite> <!-- com.orangehrm.tests.LoginTest -->
